[ 2018-01-13T17:01:27+08:00 ]  
INFO: [ app_init ] --START--
INFO: Run Behavior\BuildLiteBehavior [ RunTime:0.000000s ]
INFO: [ app_init ] --END-- [ RunTime:0.005000s ]
NOTIC: [8] Undefined index: REQUEST_METHOD D:\wamp\www\project\suteng\project\ThinkPHP\Library\Think\App.class.php 第 32 行.
NOTIC: [8] Undefined index: REQUEST_URI D:\wamp\www\project\suteng\project\ThinkPHP\Library\Think\Dispatcher.class.php 第 141 行.
NOTIC: [8] Use of undefined constant _PHP_FILE_ - assumed '_PHP_FILE_' D:\wamp\www\project\suteng\project\ThinkPHP\Library\Think\Dispatcher.class.php 第 208 行.
INFO: [ app_begin ] --START--
INFO: Run Behavior\ReadHtmlCacheBehavior [ RunTime:0.001000s ]
INFO: [ app_begin ] --END-- [ RunTime:0.001000s ]
INFO: [ view_parse ] --START--
INFO: [ template_filter ] --START--
NOTIC: [8] Use of undefined constant __ROOT__ - assumed '__ROOT__' D:\wamp\www\project\suteng\project\ThinkPHP\Library\Behavior\ContentReplaceBehavior.class.php 第 35 行.
NOTIC: [8] Use of undefined constant __ROOT__ - assumed '__ROOT__' D:\wamp\www\project\suteng\project\ThinkPHP\Library\Behavior\ContentReplaceBehavior.class.php 第 42 行.
INFO: Run Behavior\ContentReplaceBehavior [ RunTime:0.000000s ]
INFO: [ template_filter ] --END-- [ RunTime:0.001000s ]
INFO: Run Behavior\ParseTemplateBehavior [ RunTime:0.025002s ]
INFO: [ view_parse ] --END-- [ RunTime:0.025002s ]
INFO: [ view_filter ] --START--
INFO: Run Behavior\WriteHtmlCacheBehavior [ RunTime:0.000000s ]
INFO: [ view_filter ] --END-- [ RunTime:0.001000s ]
INFO: [ app_end ] --START--
INFO: Run Behavior\ShowPageTraceBehavior [ RunTime:0.001000s ]
INFO: [ app_end ] --END-- [ RunTime:0.001000s ]

