[ 2018-01-10T09:14:53+08:00 ] 127.0.0.1 /index.php/Admin/Index/favicon.ico
INFO: [ app_init ] --START--
INFO: Run Behavior\BuildLiteBehavior [ RunTime:0.000052s ]
INFO: [ app_init ] --END-- [ RunTime:0.001042s ]

[ 2018-01-10T11:23:59+08:00 ] 127.0.0.1 /Public/Admin/css/bootstrap.min.css.map
INFO: [ app_init ] --START--
INFO: Run Behavior\BuildLiteBehavior [ RunTime:0.000047s ]
INFO: [ app_init ] --END-- [ RunTime:0.000906s ]
ERR: 无法加载模块:Public

[ 2018-01-10T11:26:16+08:00 ] 192.168.0.253 /suteng/project/Public/Admin/css/bootstrap.min.css.map
INFO: [ app_init ] --START--
INFO: Run Behavior\BuildLiteBehavior [ RunTime:0.000080s ]
INFO: [ app_init ] --END-- [ RunTime:0.001158s ]
ERR: 无法加载模块:Public

[ 2018-01-10T11:26:16+08:00 ] 192.168.0.253 /suteng/project/index.php/Admin/Login/favicon.ico
INFO: [ app_init ] --START--
INFO: Run Behavior\BuildLiteBehavior [ RunTime:0.000047s ]
INFO: [ app_init ] --END-- [ RunTime:0.000823s ]

[ 2018-01-10T11:27:43+08:00 ] 127.0.0.1 /Public/Admin/css/bootstrap.min.css.map
INFO: [ app_init ] --START--
INFO: Run Behavior\BuildLiteBehavior [ RunTime:0.000055s ]
INFO: [ app_init ] --END-- [ RunTime:0.000966s ]
ERR: 无法加载模块:Public

[ 2018-01-10T11:27:44+08:00 ] 127.0.0.1 /index.php/Admin/Login/favicon.ico
INFO: [ app_init ] --START--
INFO: Run Behavior\BuildLiteBehavior [ RunTime:0.000060s ]
INFO: [ app_init ] --END-- [ RunTime:0.001474s ]

[ 2018-01-10T11:27:51+08:00 ] 127.0.0.1 /Public/Admin/css/bootstrap.min.css.map
INFO: [ app_init ] --START--
INFO: Run Behavior\BuildLiteBehavior [ RunTime:0.000229s ]
INFO: [ app_init ] --END-- [ RunTime:0.001297s ]
ERR: 无法加载模块:Public

[ 2018-01-10T11:27:52+08:00 ] 127.0.0.1 /Public/Admin/css/bootstrap.min.css.map
INFO: [ app_init ] --START--
INFO: Run Behavior\BuildLiteBehavior [ RunTime:0.000046s ]
INFO: [ app_init ] --END-- [ RunTime:0.001034s ]
ERR: 无法加载模块:Public

[ 2018-01-10T11:27:52+08:00 ] 127.0.0.1 /index.php/Admin/Index/favicon.ico
INFO: [ app_init ] --START--
INFO: Run Behavior\BuildLiteBehavior [ RunTime:0.000047s ]
INFO: [ app_init ] --END-- [ RunTime:0.000848s ]

[ 2018-01-10T11:28:01+08:00 ] 127.0.0.1 /Public/Admin/css/bootstrap.min.css.map
INFO: [ app_init ] --START--
INFO: Run Behavior\BuildLiteBehavior [ RunTime:0.000052s ]
INFO: [ app_init ] --END-- [ RunTime:0.000863s ]
ERR: 无法加载模块:Public

[ 2018-01-10T11:28:04+08:00 ] 127.0.0.1 /Public/Admin/css/bootstrap.min.css.map
INFO: [ app_init ] --START--
INFO: Run Behavior\BuildLiteBehavior [ RunTime:0.000061s ]
INFO: [ app_init ] --END-- [ RunTime:0.000810s ]
ERR: 无法加载模块:Public

[ 2018-01-10T11:28:20+08:00 ] 127.0.0.1 /Public/Admin/css/bootstrap.min.css.map
INFO: [ app_init ] --START--
INFO: Run Behavior\BuildLiteBehavior [ RunTime:0.000066s ]
INFO: [ app_init ] --END-- [ RunTime:0.006962s ]
ERR: 无法加载模块:Public

[ 2018-01-10T16:57:53+08:00 ] 192.168.0.253 /suteng/project/index.php/Admin/Login/favicon.ico
INFO: [ app_init ] --START--
INFO: Run Behavior\BuildLiteBehavior [ RunTime:0.000186s ]
INFO: [ app_init ] --END-- [ RunTime:0.001440s ]

[ 2018-01-10T16:58:00+08:00 ] 192.168.0.253 /suteng/project/index.php/Admin/Index/favicon.ico
INFO: [ app_init ] --START--
INFO: Run Behavior\BuildLiteBehavior [ RunTime:0.000046s ]
INFO: [ app_init ] --END-- [ RunTime:0.000868s ]

