[ 2018-01-09T10:56:46+08:00 ] 127.0.0.1 /index.php/Admin/Index/index.html
INFO: [ app_init ] --START--
INFO: Run Behavior\BuildLiteBehavior [ RunTime:0.000057s ]
INFO: [ app_init ] --END-- [ RunTime:0.001061s ]
INFO: [ app_begin ] --START--
INFO: Run Behavior\ReadHtmlCacheBehavior [ RunTime:0.001667s ]
INFO: [ app_begin ] --END-- [ RunTime:0.001946s ]
NOTIC: [2048] Declaration of Admin\Model\AdminMenuModel::getTreeData() should be compatible with Admin\Model\BaseModel::getTreeData($type = 'tree', $order = '', $name = 'name', $child = 'id', $parent = 'pid') E:\wamp64\www\suteng\project\Application\Admin\Model\AdminMenuModel.class.php 第 7 行.
SQL: SHOW COLUMNS FROM `st_admin_menu` [ RunTime:0.0008s ]
SQL: SELECT * FROM `st_admin_menu` ORDER BY order_number is null,`order_number`,`id`  [ RunTime:0.0004s ]
SQL: SHOW COLUMNS FROM `st_auth_group_access` [ RunTime:0.0008s ]
SQL: SELECT `uid`,`group_id`,`title`,`rules` FROM st_auth_group_access a INNER JOIN st_auth_group g on a.group_id=g.id  WHERE ( a.uid='1' and g.status='1' )  [ RunTime:0.0004s ]
SQL: SHOW COLUMNS FROM `st_auth_rule` [ RunTime:0.0006s ]
SQL: SELECT `condition`,`name` FROM `st_auth_rule` WHERE `id` IN ('1','2','4','3','5','6','7','8','10','11','9','14','15') AND `type` = 1 AND `status` = 1  [ RunTime:0.0004s ]
INFO: [ view_parse ] --START--
INFO: [ template_filter ] --START--
INFO: Run Behavior\ContentReplaceBehavior [ RunTime:0.000634s ]
INFO: [ template_filter ] --END-- [ RunTime:0.000904s ]
INFO: Run Behavior\ParseTemplateBehavior [ RunTime:0.065535s ]
INFO: [ view_parse ] --END-- [ RunTime:0.065792s ]
INFO: [ view_filter ] --START--
INFO: Run Behavior\WriteHtmlCacheBehavior [ RunTime:0.001124s ]
INFO: [ view_filter ] --END-- [ RunTime:0.001384s ]
INFO: [ app_end ] --START--
INFO: Run Behavior\ShowPageTraceBehavior [ RunTime:0.001782s ]
INFO: [ app_end ] --END-- [ RunTime:0.002094s ]

[ 2018-01-09T10:56:47+08:00 ] 127.0.0.1 /index.php/Admin/Index/welcome
INFO: [ app_init ] --START--
INFO: Run Behavior\BuildLiteBehavior [ RunTime:0.000049s ]
INFO: [ app_init ] --END-- [ RunTime:0.000839s ]
INFO: [ app_begin ] --START--
INFO: Run Behavior\ReadHtmlCacheBehavior [ RunTime:0.001230s ]
INFO: [ app_begin ] --END-- [ RunTime:0.001531s ]
NOTIC: [2048] Declaration of Admin\Model\AdminMenuModel::getTreeData() should be compatible with Admin\Model\BaseModel::getTreeData($type = 'tree', $order = '', $name = 'name', $child = 'id', $parent = 'pid') E:\wamp64\www\suteng\project\Application\Admin\Model\AdminMenuModel.class.php 第 7 行.
SQL: SHOW COLUMNS FROM `st_admin_menu` [ RunTime:0.0009s ]
SQL: SELECT * FROM `st_admin_menu` ORDER BY order_number is null,`order_number`,`id`  [ RunTime:0.0007s ]
SQL: SHOW COLUMNS FROM `st_auth_group_access` [ RunTime:0.0010s ]
SQL: SELECT `uid`,`group_id`,`title`,`rules` FROM st_auth_group_access a INNER JOIN st_auth_group g on a.group_id=g.id  WHERE ( a.uid='1' and g.status='1' )  [ RunTime:0.0008s ]
SQL: SHOW COLUMNS FROM `st_auth_rule` [ RunTime:0.0011s ]
SQL: SELECT `condition`,`name` FROM `st_auth_rule` WHERE `id` IN ('1','2','4','3','5','6','7','8','10','11','9','14','15') AND `type` = 1 AND `status` = 1  [ RunTime:0.0011s ]
INFO: [ view_parse ] --START--
INFO: [ template_filter ] --START--
INFO: Run Behavior\ContentReplaceBehavior [ RunTime:0.000132s ]
INFO: [ template_filter ] --END-- [ RunTime:0.000364s ]
INFO: Run Behavior\ParseTemplateBehavior [ RunTime:0.017018s ]
INFO: [ view_parse ] --END-- [ RunTime:0.017279s ]
INFO: [ view_filter ] --START--
INFO: Run Behavior\WriteHtmlCacheBehavior [ RunTime:0.000959s ]
INFO: [ view_filter ] --END-- [ RunTime:0.001181s ]
INFO: [ app_end ] --START--
INFO: Run Behavior\ShowPageTraceBehavior [ RunTime:0.001187s ]
INFO: [ app_end ] --END-- [ RunTime:0.001417s ]

[ 2018-01-09T10:56:50+08:00 ] 127.0.0.1 /index.php/Admin/Devices/index.html
INFO: [ app_init ] --START--
INFO: Run Behavior\BuildLiteBehavior [ RunTime:0.000060s ]
INFO: [ app_init ] --END-- [ RunTime:0.000837s ]
INFO: [ app_begin ] --START--
INFO: Run Behavior\ReadHtmlCacheBehavior [ RunTime:0.000883s ]
INFO: [ app_begin ] --END-- [ RunTime:0.001116s ]
NOTIC: [2048] Declaration of Admin\Model\AdminMenuModel::getTreeData() should be compatible with Admin\Model\BaseModel::getTreeData($type = 'tree', $order = '', $name = 'name', $child = 'id', $parent = 'pid') E:\wamp64\www\suteng\project\Application\Admin\Model\AdminMenuModel.class.php 第 7 行.
SQL: SHOW COLUMNS FROM `st_admin_menu` [ RunTime:0.0007s ]
SQL: SELECT * FROM `st_admin_menu` ORDER BY order_number is null,`order_number`,`id`  [ RunTime:0.0006s ]
SQL: SHOW COLUMNS FROM `st_auth_group_access` [ RunTime:0.0016s ]
SQL: SELECT `uid`,`group_id`,`title`,`rules` FROM st_auth_group_access a INNER JOIN st_auth_group g on a.group_id=g.id  WHERE ( a.uid='1' and g.status='1' )  [ RunTime:0.0006s ]
SQL: SHOW COLUMNS FROM `st_auth_rule` [ RunTime:0.0008s ]
SQL: SELECT `condition`,`name` FROM `st_auth_rule` WHERE `id` IN ('1','2','4','3','5','6','7','8','10','11','9','14','15') AND `type` = 1 AND `status` = 1  [ RunTime:0.0006s ]
SQL: SHOW COLUMNS FROM `st_devices` [ RunTime:0.0011s ]
NOTIC: [8] Undefined variable: page E:\wamp64\www\suteng\project\Application\Admin\Model\DevicesModel.class.php 第 47 行.
NOTIC: [8] Trying to get property of non-object E:\wamp64\www\suteng\project\Application\Admin\Model\DevicesModel.class.php 第 47 行.
NOTIC: [8] Undefined variable: page E:\wamp64\www\suteng\project\Application\Admin\Model\DevicesModel.class.php 第 47 行.
NOTIC: [8] Trying to get property of non-object E:\wamp64\www\suteng\project\Application\Admin\Model\DevicesModel.class.php 第 47 行.
SQL: SELECT COUNT(*) AS tp_count FROM st_devices d LEFT JOIN st_devices_statu statu ON d.device_code=statu.DeviceID LEFT JOIN st_binding bind ON d.id=bind.did LEFT JOIN st_vendors vendors ON bind.vid=vendors.id  ORDER BY statu.updatetime LIMIT 1   [ RunTime:0.0005s ]
SQL: SELECT * FROM st_devices d LEFT JOIN st_devices_statu statu ON d.device_code=statu.DeviceID LEFT JOIN st_binding bind ON d.id=bind.did LEFT JOIN st_vendors vendors ON bind.vid=vendors.id  ORDER BY statu.updatetime LIMIT 0,15   [ RunTime:0.0013s ]
INFO: [ view_parse ] --START--
INFO: [ template_filter ] --START--
INFO: Run Behavior\ContentReplaceBehavior [ RunTime:0.000170s ]
INFO: [ template_filter ] --END-- [ RunTime:0.000349s ]
NOTIC: [2] Illegal string offset 'id' E:\wamp64\www\suteng\project\Application\Runtime\Cache\Admin\bcfb2f41645ecc39f92305e335d6ec8d.php 第 63 行.
NOTIC: [2] Illegal string offset 'device_code' E:\wamp64\www\suteng\project\Application\Runtime\Cache\Admin\bcfb2f41645ecc39f92305e335d6ec8d.php 第 64 行.
NOTIC: [2] Illegal string offset 'LeasingMode' E:\wamp64\www\suteng\project\Application\Runtime\Cache\Admin\bcfb2f41645ecc39f92305e335d6ec8d.php 第 65 行.
NOTIC: [2] Illegal string offset 'binding_statu' E:\wamp64\www\suteng\project\Application\Runtime\Cache\Admin\bcfb2f41645ecc39f92305e335d6ec8d.php 第 66 行.
NOTIC: [2] Illegal string offset 'DeviceStause' E:\wamp64\www\suteng\project\Application\Runtime\Cache\Admin\bcfb2f41645ecc39f92305e335d6ec8d.php 第 67 行.
NOTIC: [8] Undefined index: id E:\wamp64\www\suteng\project\Application\Runtime\Cache\Admin\bcfb2f41645ecc39f92305e335d6ec8d.php 第 63 行.
NOTIC: [8] Undefined index: device_code E:\wamp64\www\suteng\project\Application\Runtime\Cache\Admin\bcfb2f41645ecc39f92305e335d6ec8d.php 第 64 行.
NOTIC: [8] Undefined index: LeasingMode E:\wamp64\www\suteng\project\Application\Runtime\Cache\Admin\bcfb2f41645ecc39f92305e335d6ec8d.php 第 65 行.
NOTIC: [8] Undefined index: binding_statu E:\wamp64\www\suteng\project\Application\Runtime\Cache\Admin\bcfb2f41645ecc39f92305e335d6ec8d.php 第 66 行.
NOTIC: [8] Undefined index: DeviceStause E:\wamp64\www\suteng\project\Application\Runtime\Cache\Admin\bcfb2f41645ecc39f92305e335d6ec8d.php 第 67 行.
NOTIC: [8] Undefined variable: res E:\wamp64\www\suteng\project\Application\Runtime\Cache\Admin\bcfb2f41645ecc39f92305e335d6ec8d.php 第 109 行.
INFO: Run Behavior\ParseTemplateBehavior [ RunTime:0.024649s ]
INFO: [ view_parse ] --END-- [ RunTime:0.024843s ]
INFO: [ view_filter ] --START--
INFO: Run Behavior\WriteHtmlCacheBehavior [ RunTime:0.001081s ]
INFO: [ view_filter ] --END-- [ RunTime:0.001266s ]
INFO: [ app_end ] --START--
INFO: Run Behavior\ShowPageTraceBehavior [ RunTime:0.000930s ]
INFO: [ app_end ] --END-- [ RunTime:0.001120s ]

[ 2018-01-09T10:58:22+08:00 ] 127.0.0.1 /index.php/Admin/Index/index.html
INFO: [ app_init ] --START--
INFO: Run Behavior\BuildLiteBehavior [ RunTime:0.000036s ]
INFO: [ app_init ] --END-- [ RunTime:0.000571s ]
INFO: [ app_begin ] --START--
INFO: Run Behavior\ReadHtmlCacheBehavior [ RunTime:0.001067s ]
INFO: [ app_begin ] --END-- [ RunTime:0.001277s ]
NOTIC: [2048] Declaration of Admin\Model\AdminMenuModel::getTreeData() should be compatible with Admin\Model\BaseModel::getTreeData($type = 'tree', $order = '', $name = 'name', $child = 'id', $parent = 'pid') E:\wamp64\www\suteng\project\Application\Admin\Model\AdminMenuModel.class.php 第 7 行.
SQL: SHOW COLUMNS FROM `st_admin_menu` [ RunTime:0.0006s ]
SQL: SELECT * FROM `st_admin_menu` ORDER BY order_number is null,`order_number`,`id`  [ RunTime:0.0003s ]
SQL: SHOW COLUMNS FROM `st_auth_group_access` [ RunTime:0.0004s ]
SQL: SELECT `uid`,`group_id`,`title`,`rules` FROM st_auth_group_access a INNER JOIN st_auth_group g on a.group_id=g.id  WHERE ( a.uid='1' and g.status='1' )  [ RunTime:0.0003s ]
SQL: SHOW COLUMNS FROM `st_auth_rule` [ RunTime:0.0006s ]
SQL: SELECT `condition`,`name` FROM `st_auth_rule` WHERE `id` IN ('1','2','4','3','5','6','7','8','10','11','9','14','15') AND `type` = 1 AND `status` = 1  [ RunTime:0.0004s ]
INFO: [ view_parse ] --START--
INFO: [ template_filter ] --START--
INFO: Run Behavior\ContentReplaceBehavior [ RunTime:0.000307s ]
INFO: [ template_filter ] --END-- [ RunTime:0.000502s ]
INFO: Run Behavior\ParseTemplateBehavior [ RunTime:0.026762s ]
INFO: [ view_parse ] --END-- [ RunTime:0.026993s ]
INFO: [ view_filter ] --START--
INFO: Run Behavior\WriteHtmlCacheBehavior [ RunTime:0.000700s ]
INFO: [ view_filter ] --END-- [ RunTime:0.000898s ]
INFO: [ app_end ] --START--
INFO: Run Behavior\ShowPageTraceBehavior [ RunTime:0.001939s ]
INFO: [ app_end ] --END-- [ RunTime:0.002195s ]

[ 2018-01-09T10:58:22+08:00 ] 127.0.0.1 /index.php/Admin/Index/welcome
INFO: [ app_init ] --START--
INFO: Run Behavior\BuildLiteBehavior [ RunTime:0.000049s ]
INFO: [ app_init ] --END-- [ RunTime:0.000810s ]
INFO: [ app_begin ] --START--
INFO: Run Behavior\ReadHtmlCacheBehavior [ RunTime:0.000949s ]
INFO: [ app_begin ] --END-- [ RunTime:0.001193s ]
NOTIC: [2048] Declaration of Admin\Model\AdminMenuModel::getTreeData() should be compatible with Admin\Model\BaseModel::getTreeData($type = 'tree', $order = '', $name = 'name', $child = 'id', $parent = 'pid') E:\wamp64\www\suteng\project\Application\Admin\Model\AdminMenuModel.class.php 第 7 行.
SQL: SHOW COLUMNS FROM `st_admin_menu` [ RunTime:0.0009s ]
SQL: SELECT * FROM `st_admin_menu` ORDER BY order_number is null,`order_number`,`id`  [ RunTime:0.0010s ]
SQL: SHOW COLUMNS FROM `st_auth_group_access` [ RunTime:0.0015s ]
SQL: SELECT `uid`,`group_id`,`title`,`rules` FROM st_auth_group_access a INNER JOIN st_auth_group g on a.group_id=g.id  WHERE ( a.uid='1' and g.status='1' )  [ RunTime:0.0008s ]
SQL: SHOW COLUMNS FROM `st_auth_rule` [ RunTime:0.0011s ]
SQL: SELECT `condition`,`name` FROM `st_auth_rule` WHERE `id` IN ('1','2','4','3','5','6','7','8','10','11','9','14','15') AND `type` = 1 AND `status` = 1  [ RunTime:0.0007s ]
INFO: [ view_parse ] --START--
INFO: [ template_filter ] --START--
INFO: Run Behavior\ContentReplaceBehavior [ RunTime:0.000135s ]
INFO: [ template_filter ] --END-- [ RunTime:0.000370s ]
INFO: Run Behavior\ParseTemplateBehavior [ RunTime:0.015886s ]
INFO: [ view_parse ] --END-- [ RunTime:0.016187s ]
INFO: [ view_filter ] --START--
INFO: Run Behavior\WriteHtmlCacheBehavior [ RunTime:0.000914s ]
INFO: [ view_filter ] --END-- [ RunTime:0.001147s ]
INFO: [ app_end ] --START--
INFO: Run Behavior\ShowPageTraceBehavior [ RunTime:0.001165s ]
INFO: [ app_end ] --END-- [ RunTime:0.001387s ]

[ 2018-01-09T10:58:26+08:00 ] 127.0.0.1 /index.php/Admin/Devices/index.html
INFO: [ app_init ] --START--
INFO: Run Behavior\BuildLiteBehavior [ RunTime:0.000096s ]
INFO: [ app_init ] --END-- [ RunTime:0.001110s ]
INFO: [ app_begin ] --START--
INFO: Run Behavior\ReadHtmlCacheBehavior [ RunTime:0.000815s ]
INFO: [ app_begin ] --END-- [ RunTime:0.001058s ]
NOTIC: [2048] Declaration of Admin\Model\AdminMenuModel::getTreeData() should be compatible with Admin\Model\BaseModel::getTreeData($type = 'tree', $order = '', $name = 'name', $child = 'id', $parent = 'pid') E:\wamp64\www\suteng\project\Application\Admin\Model\AdminMenuModel.class.php 第 7 行.
SQL: SHOW COLUMNS FROM `st_admin_menu` [ RunTime:0.0009s ]
SQL: SELECT * FROM `st_admin_menu` ORDER BY order_number is null,`order_number`,`id`  [ RunTime:0.0010s ]
SQL: SHOW COLUMNS FROM `st_auth_group_access` [ RunTime:0.0019s ]
SQL: SELECT `uid`,`group_id`,`title`,`rules` FROM st_auth_group_access a INNER JOIN st_auth_group g on a.group_id=g.id  WHERE ( a.uid='1' and g.status='1' )  [ RunTime:0.0006s ]
SQL: SHOW COLUMNS FROM `st_auth_rule` [ RunTime:0.0007s ]
SQL: SELECT `condition`,`name` FROM `st_auth_rule` WHERE `id` IN ('1','2','4','3','5','6','7','8','10','11','9','14','15') AND `type` = 1 AND `status` = 1  [ RunTime:0.0004s ]
SQL: SHOW COLUMNS FROM `st_devices` [ RunTime:0.0009s ]
NOTIC: [8] Undefined variable: page E:\wamp64\www\suteng\project\Application\Admin\Model\DevicesModel.class.php 第 47 行.
NOTIC: [8] Trying to get property of non-object E:\wamp64\www\suteng\project\Application\Admin\Model\DevicesModel.class.php 第 47 行.
NOTIC: [8] Undefined variable: page E:\wamp64\www\suteng\project\Application\Admin\Model\DevicesModel.class.php 第 47 行.
NOTIC: [8] Trying to get property of non-object E:\wamp64\www\suteng\project\Application\Admin\Model\DevicesModel.class.php 第 47 行.
SQL: SELECT COUNT(*) AS tp_count FROM st_devices d LEFT JOIN st_devices_statu statu ON d.device_code=statu.DeviceID LEFT JOIN st_binding bind ON d.id=bind.did LEFT JOIN st_vendors vendors ON bind.vid=vendors.id  ORDER BY statu.updatetime LIMIT 1   [ RunTime:0.0013s ]
SQL: SELECT * FROM st_devices d LEFT JOIN st_devices_statu statu ON d.device_code=statu.DeviceID LEFT JOIN st_binding bind ON d.id=bind.did LEFT JOIN st_vendors vendors ON bind.vid=vendors.id  ORDER BY statu.updatetime LIMIT 0,15   [ RunTime:0.0012s ]
INFO: [ view_parse ] --START--
INFO: [ template_filter ] --START--
INFO: Run Behavior\ContentReplaceBehavior [ RunTime:0.000170s ]
INFO: [ template_filter ] --END-- [ RunTime:0.000377s ]
NOTIC: [2] Illegal string offset 'id' E:\wamp64\www\suteng\project\Application\Runtime\Cache\Admin\bcfb2f41645ecc39f92305e335d6ec8d.php 第 63 行.
NOTIC: [2] Illegal string offset 'device_code' E:\wamp64\www\suteng\project\Application\Runtime\Cache\Admin\bcfb2f41645ecc39f92305e335d6ec8d.php 第 64 行.
NOTIC: [2] Illegal string offset 'LeasingMode' E:\wamp64\www\suteng\project\Application\Runtime\Cache\Admin\bcfb2f41645ecc39f92305e335d6ec8d.php 第 65 行.
NOTIC: [2] Illegal string offset 'binding_statu' E:\wamp64\www\suteng\project\Application\Runtime\Cache\Admin\bcfb2f41645ecc39f92305e335d6ec8d.php 第 66 行.
NOTIC: [2] Illegal string offset 'DeviceStause' E:\wamp64\www\suteng\project\Application\Runtime\Cache\Admin\bcfb2f41645ecc39f92305e335d6ec8d.php 第 67 行.
NOTIC: [8] Undefined index: id E:\wamp64\www\suteng\project\Application\Runtime\Cache\Admin\bcfb2f41645ecc39f92305e335d6ec8d.php 第 63 行.
NOTIC: [8] Undefined index: device_code E:\wamp64\www\suteng\project\Application\Runtime\Cache\Admin\bcfb2f41645ecc39f92305e335d6ec8d.php 第 64 行.
NOTIC: [8] Undefined index: LeasingMode E:\wamp64\www\suteng\project\Application\Runtime\Cache\Admin\bcfb2f41645ecc39f92305e335d6ec8d.php 第 65 行.
NOTIC: [8] Undefined index: binding_statu E:\wamp64\www\suteng\project\Application\Runtime\Cache\Admin\bcfb2f41645ecc39f92305e335d6ec8d.php 第 66 行.
NOTIC: [8] Undefined index: DeviceStause E:\wamp64\www\suteng\project\Application\Runtime\Cache\Admin\bcfb2f41645ecc39f92305e335d6ec8d.php 第 67 行.
NOTIC: [8] Undefined variable: res E:\wamp64\www\suteng\project\Application\Runtime\Cache\Admin\bcfb2f41645ecc39f92305e335d6ec8d.php 第 109 行.
INFO: Run Behavior\ParseTemplateBehavior [ RunTime:0.020663s ]
INFO: [ view_parse ] --END-- [ RunTime:0.020850s ]
INFO: [ view_filter ] --START--
INFO: Run Behavior\WriteHtmlCacheBehavior [ RunTime:0.000618s ]
INFO: [ view_filter ] --END-- [ RunTime:0.000785s ]
INFO: [ app_end ] --START--
INFO: Run Behavior\ShowPageTraceBehavior [ RunTime:0.003619s ]
INFO: [ app_end ] --END-- [ RunTime:0.004089s ]

[ 2018-01-09T10:58:41+08:00 ] 127.0.0.1 /index.php/Admin/Devices/show_add_device
INFO: [ app_init ] --START--
INFO: Run Behavior\BuildLiteBehavior [ RunTime:0.000044s ]
INFO: [ app_init ] --END-- [ RunTime:0.000776s ]
INFO: [ app_begin ] --START--
INFO: Run Behavior\ReadHtmlCacheBehavior [ RunTime:0.000565s ]
INFO: [ app_begin ] --END-- [ RunTime:0.000716s ]
NOTIC: [2048] Declaration of Admin\Model\AdminMenuModel::getTreeData() should be compatible with Admin\Model\BaseModel::getTreeData($type = 'tree', $order = '', $name = 'name', $child = 'id', $parent = 'pid') E:\wamp64\www\suteng\project\Application\Admin\Model\AdminMenuModel.class.php 第 7 行.
SQL: SHOW COLUMNS FROM `st_admin_menu` [ RunTime:0.0007s ]
SQL: SELECT * FROM `st_admin_menu` ORDER BY order_number is null,`order_number`,`id`  [ RunTime:0.0005s ]
SQL: SHOW COLUMNS FROM `st_auth_group_access` [ RunTime:0.0006s ]
SQL: SELECT `uid`,`group_id`,`title`,`rules` FROM st_auth_group_access a INNER JOIN st_auth_group g on a.group_id=g.id  WHERE ( a.uid='1' and g.status='1' )  [ RunTime:0.0003s ]
SQL: SHOW COLUMNS FROM `st_auth_rule` [ RunTime:0.0004s ]
SQL: SELECT `condition`,`name` FROM `st_auth_rule` WHERE `id` IN ('1','2','4','3','5','6','7','8','10','11','9','14','15') AND `type` = 1 AND `status` = 1  [ RunTime:0.0006s ]
SQL: SHOW COLUMNS FROM `st_devices` [ RunTime:0.0008s ]

